[HTTP] Binding to address: :1080
Creating API v1 with WebPath: 
Creating API v2 with WebPath: 
Got message in APIv2 websocket channel
[APIv2] BROADCAST /api/v2/websocket
Got message in APIv1 event stream
Sending content: {
  "ID": "PoHmDM7ouKpx0Ix3Qq_3A316S25qE00SJl4e1AeJX38=@mailhog.example",
  "From": {
    "Relays": null,
    "Mailbox": "nobody",
    "Domain": "e10da32bb0ba",
    "Params": ""
  },
  "To": [
    {
      "Relays": null,
      "Mailbox": "mailhog",
      "Domain": "flywheel.local",
      "Params": ""
    }
  ],
  "Content": {
    "Headers": {
      "Content-Type": [
        "text/plain; charset=UTF-8"
      ],
      "Date": [
        "Wed, 6 Feb 2019 15:16:42 +0000"
      ],
      "From": [
        "WordPress \u003cwordpress@international-university.local\u003e"
      ],
      "MIME-Version": [
        "1.0"
      ],
      "Message-ID": [
        "\u003c1c05cef63c073c0fa19e8528e17824df@international-university.local\u003e"
      ],
      "Received": [
        "from localhost by mailhog.example (MailHog)\r\n          id PoHmDM7ouKpx0Ix3Qq_3A316S25qE00SJl4e1AeJX38=@mailhog.example; Wed, 06 Feb 2019 15:16:42 +0000"
      ],
      "Return-Path": [
        "\u003cnobody@e10da32bb0ba\u003e"
      ],
      "Subject": [
        "New WordPress Site"
      ],
      "To": [
        "paulonova144@gmail.com"
      ],
      "X-Mailer": [
        "PHPMailer 5.2.22 (https://github.com/PHPMailer/PHPMailer)"
      ],
      "X-PHP-Originating-Script": [
        "0:class-phpmailer.php"
      ]
    },
    "Body": "Your new WordPress site has been successfully set up at:\r\n\r\nhttp://international-university.local\r\n\r\nYou can log in to the administrator account with the following information:\r\n\r\nUsername: paulonova\r\nPassword: The password you chose during installation.\r\nLog in here: http://international-university.local/wp-login.php\r\n\r\nWe hope you enjoy your new site. Thanks!\r\n\r\n--The WordPress Team\r\nhttps://wordpress.org/\r\n",
    "Size": 827,
    "MIME": null
  },
  "Created": "2019-02-06T15:16:42.833432546Z",
  "MIME": null,
  "Raw": {
    "From": "nobody@e10da32bb0ba",
    "To": [
      "mailhog@flywheel.local"
    ],
    "Data": "To: paulonova144@gmail.com\r\nSubject: New WordPress Site\r\nX-PHP-Originating-Script: 0:class-phpmailer.php\r\nDate: Wed, 6 Feb 2019 15:16:42 +0000\r\nFrom: WordPress \u003cwordpress@international-university.local\u003e\r\nMessage-ID: \u003c1c05cef63c073c0fa19e8528e17824df@international-university.local\u003e\r\nX-Mailer: PHPMailer 5.2.22 (https://github.com/PHPMailer/PHPMailer)\r\nMIME-Version: 1.0\r\nContent-Type: text/plain; charset=UTF-8\r\n\r\nYour new WordPress site has been successfully set up at:\r\n\r\nhttp://international-university.local\r\n\r\nYou can log in to the administrator account with the following information:\r\n\r\nUsername: paulonova\r\nPassword: The password you chose during installation.\r\nLog in here: http://international-university.local/wp-login.php\r\n\r\nWe hope you enjoy your new site. Thanks!\r\n\r\n--The WordPress Team\r\nhttps://wordpress.org/\r\n",
    "Helo": "localhost"
  }
}

[APIv1] BROADCAST /api/v1/events
[APIv1] KEEPALIVE /api/v1/events
[APIv1] KEEPALIVE /api/v1/events
[APIv1] KEEPALIVE /api/v1/events
[APIv1] KEEPALIVE /api/v1/events
[APIv1] KEEPALIVE /api/v1/events
[APIv1] KEEPALIVE /api/v1/events
[APIv1] KEEPALIVE /api/v1/events
[APIv1] KEEPALIVE /api/v1/events
[APIv1] KEEPALIVE /api/v1/events
[APIv1] KEEPALIVE /api/v1/events
[APIv1] KEEPALIVE /api/v1/events
[APIv1] KEEPALIVE /api/v1/events
[APIv1] KEEPALIVE /api/v1/events
[APIv1] KEEPALIVE /api/v1/events
