[HTTP] Binding to address: :1080
Creating API v1 with WebPath: 
Creating API v2 with WebPath: 
Got message in APIv2 websocket channel
[APIv2] BROADCAST /api/v2/websocket
Got message in APIv1 event stream
Sending content: {
  "ID": "F6rUMwL5484UmWtuFlI6_3wn4rqGu2CSro0I8p5Vqx8=@mailhog.example",
  "From": {
    "Relays": null,
    "Mailbox": "nobody",
    "Domain": "983b2c4fd891",
    "Params": ""
  },
  "To": [
    {
      "Relays": null,
      "Mailbox": "mailhog",
      "Domain": "flywheel.local",
      "Params": ""
    }
  ],
  "Content": {
    "Headers": {
      "Content-Type": [
        "text/plain; charset=UTF-8"
      ],
      "Date": [
        "Wed, 30 Jan 2019 15:36:24 +0000"
      ],
      "From": [
        "WordPress \u003cwordpress@fictionaluniversity.local\u003e"
      ],
      "MIME-Version": [
        "1.0"
      ],
      "Message-ID": [
        "\u003c6f6d4be9a4535708510f3f37fd45de0b@fictionaluniversity.local\u003e"
      ],
      "Received": [
        "from localhost by mailhog.example (MailHog)\r\n          id F6rUMwL5484UmWtuFlI6_3wn4rqGu2CSro0I8p5Vqx8=@mailhog.example; Wed, 30 Jan 2019 15:36:24 +0000"
      ],
      "Return-Path": [
        "\u003cnobody@983b2c4fd891\u003e"
      ],
      "Subject": [
        "New WordPress Site"
      ],
      "To": [
        "paulonova144@gmail.com"
      ],
      "X-Mailer": [
        "PHPMailer 5.2.22 (https://github.com/PHPMailer/PHPMailer)"
      ],
      "X-PHP-Originating-Script": [
        "0:class-phpmailer.php"
      ]
    },
    "Body": "Your new WordPress site has been successfully set up at:\r\n\r\nhttp://fictionaluniversity.local\r\n\r\nYou can log in to the administrator account with the following information:\r\n\r\nUsername: paulonova\r\nPassword: The password you chose during installation.\r\nLog in here: http://fictionaluniversity.local/wp-login.php\r\n\r\nWe hope you enjoy your new site. Thanks!\r\n\r\n--The WordPress Team\r\nhttps://wordpress.org/\r\n",
    "Size": 808,
    "MIME": null
  },
  "Created": "2019-01-30T15:36:24.492917931Z",
  "MIME": null,
  "Raw": {
    "From": "nobody@983b2c4fd891",
    "To": [
      "mailhog@flywheel.local"
    ],
    "Data": "To: paulonova144@gmail.com\r\nSubject: New WordPress Site\r\nX-PHP-Originating-Script: 0:class-phpmailer.php\r\nDate: Wed, 30 Jan 2019 15:36:24 +0000\r\nFrom: WordPress \u003cwordpress@fictionaluniversity.local\u003e\r\nMessage-ID: \u003c6f6d4be9a4535708510f3f37fd45de0b@fictionaluniversity.local\u003e\r\nX-Mailer: PHPMailer 5.2.22 (https://github.com/PHPMailer/PHPMailer)\r\nMIME-Version: 1.0\r\nContent-Type: text/plain; charset=UTF-8\r\n\r\nYour new WordPress site has been successfully set up at:\r\n\r\nhttp://fictionaluniversity.local\r\n\r\nYou can log in to the administrator account with the following information:\r\n\r\nUsername: paulonova\r\nPassword: The password you chose during installation.\r\nLog in here: http://fictionaluniversity.local/wp-login.php\r\n\r\nWe hope you enjoy your new site. Thanks!\r\n\r\n--The WordPress Team\r\nhttps://wordpress.org/\r\n",
    "Helo": "localhost"
  }
}

[APIv1] BROADCAST /api/v1/events
[APIv1] KEEPALIVE /api/v1/events
[APIv1] KEEPALIVE /api/v1/events
[APIv1] KEEPALIVE /api/v1/events
