2019-01-31 15:40:53,331 CRIT Supervisor running as root (no user in config file)
2019-01-31 15:40:53,333 INFO Included extra file "/etc/supervisor/conf.d/supervisord.conf" during parsing
2019-01-31 15:40:53,410 INFO RPC interface 'supervisor' initialized
2019-01-31 15:40:53,412 CRIT Server 'unix_http_server' running without any HTTP authentication checking
2019-01-31 15:40:53,413 INFO supervisord started with pid 1
2019-01-31 15:40:54,423 INFO spawned: 'varnishd' with pid 16
2019-01-31 15:40:54,440 INFO spawned: 'php-fpm' with pid 17
2019-01-31 15:40:54,465 INFO spawned: 'varnish-plugins-watcher' with pid 18
2019-01-31 15:40:54,486 INFO spawned: 'nginx' with pid 19
2019-01-31 15:40:54,548 INFO spawned: 'MailHog' with pid 20
2019-01-31 15:40:54,631 INFO spawned: 'mysql' with pid 21
2019-01-31 15:40:54,675 INFO spawned: 'varnish-themes-watcher' with pid 22
2019-01-31 15:40:55,552 INFO success: varnishd entered RUNNING state, process has stayed up for > than 1 seconds (startsecs)
2019-01-31 15:40:55,553 INFO success: php-fpm entered RUNNING state, process has stayed up for > than 1 seconds (startsecs)
2019-01-31 15:40:55,555 INFO success: varnish-plugins-watcher entered RUNNING state, process has stayed up for > than 1 seconds (startsecs)
2019-01-31 15:40:55,556 INFO success: nginx entered RUNNING state, process has stayed up for > than 1 seconds (startsecs)
2019-01-31 15:40:55,558 INFO success: MailHog entered RUNNING state, process has stayed up for > than 1 seconds (startsecs)
2019-01-31 15:40:55,590 INFO success: mysql entered RUNNING state, process has stayed up for > than 1 seconds (startsecs)
2019-01-31 15:40:56,593 INFO success: varnish-themes-watcher entered RUNNING state, process has stayed up for > than 1 seconds (startsecs)
2019-01-31 15:52:50,717 WARN received SIGTERM indicating exit request
2019-01-31 15:52:50,720 INFO waiting for varnishd, php-fpm, varnish-plugins-watcher, nginx, MailHog, mysql, varnish-themes-watcher to die
2019-01-31 15:52:51,725 INFO stopped: varnish-themes-watcher (terminated by SIGTERM)
2019-01-31 15:52:51,762 INFO stopped: mysql (exit status 0)
2019-01-31 15:52:51,768 INFO stopped: MailHog (terminated by SIGTERM)
2019-01-31 15:52:51,783 INFO stopped: nginx (exit status 0)
2019-01-31 15:52:52,796 INFO stopped: varnish-plugins-watcher (terminated by SIGTERM)
2019-01-31 15:52:52,819 INFO stopped: php-fpm (exit status 0)
2019-01-31 15:52:53,192 INFO reaped unknown pid 34
2019-01-31 15:52:53,812 WARN received SIGTERM indicating exit request
2019-01-31 15:52:53,814 INFO waiting for varnishd to die
2019-01-31 15:52:54,078 INFO stopped: varnishd (exit status 0)
2019-01-31 15:59:34,907 CRIT Supervisor running as root (no user in config file)
2019-01-31 15:59:34,916 INFO Included extra file "/etc/supervisor/conf.d/supervisord.conf" during parsing
2019-01-31 15:59:35,033 INFO RPC interface 'supervisor' initialized
2019-01-31 15:59:35,035 CRIT Server 'unix_http_server' running without any HTTP authentication checking
2019-01-31 15:59:35,036 INFO supervisord started with pid 1
2019-01-31 15:59:36,044 INFO spawned: 'varnishd' with pid 40
2019-01-31 15:59:36,056 INFO spawned: 'php-fpm' with pid 41
2019-01-31 15:59:36,072 INFO spawned: 'varnish-plugins-watcher' with pid 42
2019-01-31 15:59:36,207 INFO spawned: 'nginx' with pid 43
2019-01-31 15:59:36,256 INFO spawned: 'MailHog' with pid 47
2019-01-31 15:59:36,288 INFO spawned: 'mysql' with pid 48
2019-01-31 15:59:36,331 INFO spawned: 'varnish-themes-watcher' with pid 49
2019-01-31 15:59:37,725 INFO success: varnishd entered RUNNING state, process has stayed up for > than 1 seconds (startsecs)
2019-01-31 15:59:37,727 INFO success: php-fpm entered RUNNING state, process has stayed up for > than 1 seconds (startsecs)
2019-01-31 15:59:37,728 INFO success: varnish-plugins-watcher entered RUNNING state, process has stayed up for > than 1 seconds (startsecs)
2019-01-31 15:59:37,728 INFO success: nginx entered RUNNING state, process has stayed up for > than 1 seconds (startsecs)
2019-01-31 15:59:37,729 INFO success: MailHog entered RUNNING state, process has stayed up for > than 1 seconds (startsecs)
2019-01-31 15:59:37,730 INFO success: mysql entered RUNNING state, process has stayed up for > than 1 seconds (startsecs)
2019-01-31 15:59:37,731 INFO success: varnish-themes-watcher entered RUNNING state, process has stayed up for > than 1 seconds (startsecs)
2019-01-31 16:05:09,046 WARN received SIGTERM indicating exit request
2019-01-31 16:05:09,047 INFO waiting for varnishd, php-fpm, varnish-plugins-watcher, nginx, MailHog, mysql, varnish-themes-watcher to die
2019-01-31 16:05:10,050 INFO stopped: varnish-themes-watcher (terminated by SIGTERM)
2019-01-31 16:05:10,109 INFO stopped: mysql (exit status 0)
2019-01-31 16:05:10,112 INFO stopped: MailHog (terminated by SIGTERM)
2019-01-31 16:05:10,222 INFO stopped: nginx (exit status 0)
2019-01-31 16:05:11,248 INFO stopped: varnish-plugins-watcher (terminated by SIGTERM)
2019-01-31 16:05:11,277 INFO stopped: php-fpm (exit status 0)
2019-01-31 16:05:11,665 INFO reaped unknown pid 613
2019-01-31 16:05:12,055 INFO reaped unknown pid 615
2019-01-31 16:05:12,124 INFO waiting for varnishd to die
2019-01-31 16:05:12,126 INFO reaped unknown pid 60
2019-01-31 16:05:12,454 INFO stopped: varnishd (exit status 0)
