[08-Feb-2019 09:32:23 UTC] PHP Warning:  Use of undefined constant php - assumed 'php' (this will throw an Error in a future version of PHP) in /app/public/wp-content/themes/international-university-theme/footer.php on line 31
[08-Feb-2019 09:36:32 UTC] PHP Warning:  Use of undefined constant php - assumed 'php' (this will throw an Error in a future version of PHP) in /app/public/wp-content/themes/international-university-theme/footer.php on line 31
[08-Feb-2019 09:51:43 UTC] PHP Fatal error:  Cannot redeclare university_post_types() (previously declared in /app/public/wp-content/mu-plugins/university-post-type.php:9) in /app/public/wp-content/mu-plugins/university-post-types.php on line 5
[08-Feb-2019 09:51:53 UTC] PHP Fatal error:  Cannot redeclare university_post_types() (previously declared in /app/public/wp-content/mu-plugins/university-post-type.php:9) in /app/public/wp-content/mu-plugins/university-post-types.php on line 5
[08-Feb-2019 09:56:45 UTC] PHP Fatal error:  Uncaught Exception: DateTime::__construct(): Failed to parse time string (19/07/2019) at position 0 (1): Unexpected character in /app/public/wp-content/themes/international-university-theme/front-page.php:41
Stack trace:
#0 /app/public/wp-content/themes/international-university-theme/front-page.php(41): DateTime->__construct('19/07/2019')
#1 /app/public/wp-includes/template-loader.php(74): include('/app/public/wp-...')
#2 /app/public/wp-blog-header.php(19): require_once('/app/public/wp-...')
#3 /app/public/index.php(17): require('/app/public/wp-...')
#4 {main}
  thrown in /app/public/wp-content/themes/international-university-theme/front-page.php on line 41
[08-Feb-2019 10:57:36 UTC] PHP Warning:  Use of undefined constant php - assumed 'php' (this will throw an Error in a future version of PHP) in /app/public/wp-content/themes/international-university-theme/footer.php on line 31
[08-Feb-2019 10:57:44 UTC] PHP Warning:  Use of undefined constant php - assumed 'php' (this will throw an Error in a future version of PHP) in /app/public/wp-content/themes/international-university-theme/footer.php on line 31
[08-Feb-2019 11:08:22 UTC] PHP Warning:  Use of undefined constant php - assumed 'php' (this will throw an Error in a future version of PHP) in /app/public/wp-content/themes/international-university-theme/footer.php on line 31
[08-Feb-2019 11:08:36 UTC] PHP Warning:  Use of undefined constant php - assumed 'php' (this will throw an Error in a future version of PHP) in /app/public/wp-content/themes/international-university-theme/footer.php on line 31
[08-Feb-2019 11:08:39 UTC] PHP Warning:  Use of undefined constant php - assumed 'php' (this will throw an Error in a future version of PHP) in /app/public/wp-content/themes/international-university-theme/footer.php on line 31
[08-Feb-2019 11:08:44 UTC] PHP Warning:  Use of undefined constant php - assumed 'php' (this will throw an Error in a future version of PHP) in /app/public/wp-content/themes/international-university-theme/footer.php on line 31
[08-Feb-2019 11:15:12 UTC] PHP Warning:  Use of undefined constant php - assumed 'php' (this will throw an Error in a future version of PHP) in /app/public/wp-content/themes/international-university-theme/footer.php on line 31
[08-Feb-2019 11:15:16 UTC] PHP Warning:  Use of undefined constant php - assumed 'php' (this will throw an Error in a future version of PHP) in /app/public/wp-content/themes/international-university-theme/footer.php on line 31
[08-Feb-2019 11:15:27 UTC] PHP Warning:  Use of undefined constant php - assumed 'php' (this will throw an Error in a future version of PHP) in /app/public/wp-content/themes/international-university-theme/footer.php on line 31
[08-Feb-2019 11:15:33 UTC] PHP Warning:  Use of undefined constant php - assumed 'php' (this will throw an Error in a future version of PHP) in /app/public/wp-content/themes/international-university-theme/footer.php on line 31
[08-Feb-2019 11:39:34 UTC] PHP Warning:  Use of undefined constant php - assumed 'php' (this will throw an Error in a future version of PHP) in /app/public/wp-content/themes/international-university-theme/footer.php on line 31
[08-Feb-2019 11:39:38 UTC] PHP Warning:  Use of undefined constant php - assumed 'php' (this will throw an Error in a future version of PHP) in /app/public/wp-content/themes/international-university-theme/footer.php on line 31
[08-Feb-2019 11:41:32 UTC] PHP Warning:  Use of undefined constant php - assumed 'php' (this will throw an Error in a future version of PHP) in /app/public/wp-content/themes/international-university-theme/footer.php on line 31
[08-Feb-2019 11:41:41 UTC] PHP Warning:  Use of undefined constant php - assumed 'php' (this will throw an Error in a future version of PHP) in /app/public/wp-content/themes/international-university-theme/footer.php on line 31
[08-Feb-2019 11:42:01 UTC] PHP Warning:  Use of undefined constant php - assumed 'php' (this will throw an Error in a future version of PHP) in /app/public/wp-content/themes/international-university-theme/footer.php on line 31
[08-Feb-2019 11:42:05 UTC] PHP Warning:  Use of undefined constant php - assumed 'php' (this will throw an Error in a future version of PHP) in /app/public/wp-content/themes/international-university-theme/footer.php on line 31
[08-Feb-2019 11:42:11 UTC] PHP Warning:  Use of undefined constant php - assumed 'php' (this will throw an Error in a future version of PHP) in /app/public/wp-content/themes/international-university-theme/footer.php on line 31
[08-Feb-2019 11:42:16 UTC] PHP Warning:  Use of undefined constant php - assumed 'php' (this will throw an Error in a future version of PHP) in /app/public/wp-content/themes/international-university-theme/footer.php on line 31
[08-Feb-2019 11:42:20 UTC] PHP Warning:  Use of undefined constant php - assumed 'php' (this will throw an Error in a future version of PHP) in /app/public/wp-content/themes/international-university-theme/footer.php on line 31
[08-Feb-2019 11:42:25 UTC] PHP Warning:  Use of undefined constant php - assumed 'php' (this will throw an Error in a future version of PHP) in /app/public/wp-content/themes/international-university-theme/footer.php on line 31
[08-Feb-2019 11:47:07 UTC] PHP Warning:  Use of undefined constant php - assumed 'php' (this will throw an Error in a future version of PHP) in /app/public/wp-content/themes/international-university-theme/footer.php on line 31
[08-Feb-2019 11:47:12 UTC] PHP Warning:  Use of undefined constant php - assumed 'php' (this will throw an Error in a future version of PHP) in /app/public/wp-content/themes/international-university-theme/footer.php on line 31
[08-Feb-2019 11:47:19 UTC] PHP Warning:  Use of undefined constant php - assumed 'php' (this will throw an Error in a future version of PHP) in /app/public/wp-content/themes/international-university-theme/footer.php on line 31
[08-Feb-2019 11:52:13 UTC] PHP Warning:  Use of undefined constant php - assumed 'php' (this will throw an Error in a future version of PHP) in /app/public/wp-content/themes/international-university-theme/footer.php on line 31
[08-Feb-2019 11:52:27 UTC] PHP Warning:  Use of undefined constant php - assumed 'php' (this will throw an Error in a future version of PHP) in /app/public/wp-content/themes/international-university-theme/footer.php on line 31
[08-Feb-2019 11:52:33 UTC] PHP Warning:  Use of undefined constant php - assumed 'php' (this will throw an Error in a future version of PHP) in /app/public/wp-content/themes/international-university-theme/footer.php on line 31
[08-Feb-2019 11:52:40 UTC] PHP Warning:  Use of undefined constant php - assumed 'php' (this will throw an Error in a future version of PHP) in /app/public/wp-content/themes/international-university-theme/footer.php on line 31
[08-Feb-2019 11:52:47 UTC] PHP Warning:  Use of undefined constant php - assumed 'php' (this will throw an Error in a future version of PHP) in /app/public/wp-content/themes/international-university-theme/footer.php on line 31
[08-Feb-2019 11:52:54 UTC] PHP Warning:  Use of undefined constant php - assumed 'php' (this will throw an Error in a future version of PHP) in /app/public/wp-content/themes/international-university-theme/footer.php on line 31
[08-Feb-2019 11:57:24 UTC] PHP Warning:  Use of undefined constant php - assumed 'php' (this will throw an Error in a future version of PHP) in /app/public/wp-content/themes/international-university-theme/footer.php on line 31
[08-Feb-2019 11:57:28 UTC] PHP Warning:  Use of undefined constant php - assumed 'php' (this will throw an Error in a future version of PHP) in /app/public/wp-content/themes/international-university-theme/footer.php on line 31
[08-Feb-2019 11:57:39 UTC] PHP Warning:  Use of undefined constant php - assumed 'php' (this will throw an Error in a future version of PHP) in /app/public/wp-content/themes/international-university-theme/footer.php on line 31
[08-Feb-2019 12:01:44 UTC] PHP Warning:  Use of undefined constant php - assumed 'php' (this will throw an Error in a future version of PHP) in /app/public/wp-content/themes/international-university-theme/footer.php on line 31
[08-Feb-2019 12:02:04 UTC] PHP Warning:  Use of undefined constant php - assumed 'php' (this will throw an Error in a future version of PHP) in /app/public/wp-content/themes/international-university-theme/footer.php on line 31
[08-Feb-2019 12:07:39 UTC] PHP Warning:  Use of undefined constant php - assumed 'php' (this will throw an Error in a future version of PHP) in /app/public/wp-content/themes/international-university-theme/footer.php on line 31
[08-Feb-2019 12:18:01 UTC] PHP Warning:  Use of undefined constant php - assumed 'php' (this will throw an Error in a future version of PHP) in /app/public/wp-content/themes/international-university-theme/footer.php on line 31
[08-Feb-2019 12:18:10 UTC] PHP Warning:  Use of undefined constant php - assumed 'php' (this will throw an Error in a future version of PHP) in /app/public/wp-content/themes/international-university-theme/footer.php on line 31
[08-Feb-2019 12:18:13 UTC] PHP Warning:  Use of undefined constant php - assumed 'php' (this will throw an Error in a future version of PHP) in /app/public/wp-content/themes/international-university-theme/footer.php on line 31
[08-Feb-2019 12:19:00 UTC] PHP Warning:  Use of undefined constant php - assumed 'php' (this will throw an Error in a future version of PHP) in /app/public/wp-content/themes/international-university-theme/footer.php on line 31
[08-Feb-2019 12:19:50 UTC] PHP Warning:  Use of undefined constant php - assumed 'php' (this will throw an Error in a future version of PHP) in /app/public/wp-content/themes/international-university-theme/footer.php on line 31
[08-Feb-2019 12:20:16 UTC] PHP Warning:  Use of undefined constant php - assumed 'php' (this will throw an Error in a future version of PHP) in /app/public/wp-content/themes/international-university-theme/footer.php on line 31
[08-Feb-2019 12:21:08 UTC] PHP Warning:  Use of undefined constant php - assumed 'php' (this will throw an Error in a future version of PHP) in /app/public/wp-content/themes/international-university-theme/footer.php on line 31
[08-Feb-2019 12:22:01 UTC] PHP Warning:  Use of undefined constant php - assumed 'php' (this will throw an Error in a future version of PHP) in /app/public/wp-content/themes/international-university-theme/footer.php on line 31
[08-Feb-2019 12:31:59 UTC] PHP Warning:  Use of undefined constant php - assumed 'php' (this will throw an Error in a future version of PHP) in /app/public/wp-content/themes/international-university-theme/footer.php on line 31
[08-Feb-2019 12:32:05 UTC] PHP Warning:  Use of undefined constant php - assumed 'php' (this will throw an Error in a future version of PHP) in /app/public/wp-content/themes/international-university-theme/footer.php on line 31
[08-Feb-2019 12:32:51 UTC] PHP Warning:  Use of undefined constant php - assumed 'php' (this will throw an Error in a future version of PHP) in /app/public/wp-content/themes/international-university-theme/footer.php on line 31
[08-Feb-2019 12:37:06 UTC] PHP Warning:  Use of undefined constant php - assumed 'php' (this will throw an Error in a future version of PHP) in /app/public/wp-content/themes/international-university-theme/footer.php on line 31
[08-Feb-2019 12:37:15 UTC] PHP Warning:  Use of undefined constant php - assumed 'php' (this will throw an Error in a future version of PHP) in /app/public/wp-content/themes/international-university-theme/footer.php on line 31
[08-Feb-2019 12:39:07 UTC] PHP Warning:  Use of undefined constant php - assumed 'php' (this will throw an Error in a future version of PHP) in /app/public/wp-content/themes/international-university-theme/footer.php on line 31
[08-Feb-2019 12:40:41 UTC] PHP Warning:  Use of undefined constant php - assumed 'php' (this will throw an Error in a future version of PHP) in /app/public/wp-content/themes/international-university-theme/footer.php on line 31
[08-Feb-2019 12:40:47 UTC] PHP Warning:  Use of undefined constant php - assumed 'php' (this will throw an Error in a future version of PHP) in /app/public/wp-content/themes/international-university-theme/footer.php on line 31
[08-Feb-2019 12:40:53 UTC] PHP Warning:  Use of undefined constant php - assumed 'php' (this will throw an Error in a future version of PHP) in /app/public/wp-content/themes/international-university-theme/footer.php on line 31
[08-Feb-2019 13:03:24 UTC] PHP Warning:  Use of undefined constant php - assumed 'php' (this will throw an Error in a future version of PHP) in /app/public/wp-content/themes/international-university-theme/footer.php on line 31
[08-Feb-2019 13:03:30 UTC] PHP Warning:  Use of undefined constant php - assumed 'php' (this will throw an Error in a future version of PHP) in /app/public/wp-content/themes/international-university-theme/footer.php on line 31
[08-Feb-2019 13:03:35 UTC] PHP Warning:  Use of undefined constant php - assumed 'php' (this will throw an Error in a future version of PHP) in /app/public/wp-content/themes/international-university-theme/footer.php on line 31
[08-Feb-2019 13:04:52 UTC] PHP Warning:  Use of undefined constant php - assumed 'php' (this will throw an Error in a future version of PHP) in /app/public/wp-content/themes/international-university-theme/footer.php on line 31
[08-Feb-2019 13:08:43 UTC] PHP Warning:  Use of undefined constant php - assumed 'php' (this will throw an Error in a future version of PHP) in /app/public/wp-content/themes/international-university-theme/footer.php on line 31
[08-Feb-2019 13:09:03 UTC] PHP Warning:  Use of undefined constant php - assumed 'php' (this will throw an Error in a future version of PHP) in /app/public/wp-content/themes/international-university-theme/footer.php on line 31
[08-Feb-2019 13:12:03 UTC] PHP Warning:  Use of undefined constant php - assumed 'php' (this will throw an Error in a future version of PHP) in /app/public/wp-content/themes/international-university-theme/footer.php on line 31
[08-Feb-2019 13:13:16 UTC] PHP Warning:  Use of undefined constant php - assumed 'php' (this will throw an Error in a future version of PHP) in /app/public/wp-content/themes/international-university-theme/footer.php on line 31
[08-Feb-2019 13:13:26 UTC] PHP Warning:  Use of undefined constant php - assumed 'php' (this will throw an Error in a future version of PHP) in /app/public/wp-content/themes/international-university-theme/footer.php on line 31
[08-Feb-2019 13:13:35 UTC] PHP Warning:  Use of undefined constant php - assumed 'php' (this will throw an Error in a future version of PHP) in /app/public/wp-content/themes/international-university-theme/footer.php on line 31
[08-Feb-2019 13:13:45 UTC] PHP Warning:  Use of undefined constant php - assumed 'php' (this will throw an Error in a future version of PHP) in /app/public/wp-content/themes/international-university-theme/footer.php on line 31
[08-Feb-2019 13:14:48 UTC] PHP Warning:  Use of undefined constant php - assumed 'php' (this will throw an Error in a future version of PHP) in /app/public/wp-content/themes/international-university-theme/footer.php on line 31
[08-Feb-2019 13:15:06 UTC] PHP Warning:  Use of undefined constant php - assumed 'php' (this will throw an Error in a future version of PHP) in /app/public/wp-content/themes/international-university-theme/footer.php on line 31
[08-Feb-2019 13:22:49 UTC] PHP Warning:  Use of undefined constant php - assumed 'php' (this will throw an Error in a future version of PHP) in /app/public/wp-content/themes/international-university-theme/footer.php on line 31
[08-Feb-2019 13:22:54 UTC] PHP Warning:  Use of undefined constant php - assumed 'php' (this will throw an Error in a future version of PHP) in /app/public/wp-content/themes/international-university-theme/footer.php on line 31
[08-Feb-2019 13:23:16 UTC] PHP Warning:  Use of undefined constant php - assumed 'php' (this will throw an Error in a future version of PHP) in /app/public/wp-content/themes/international-university-theme/footer.php on line 31
[08-Feb-2019 13:23:22 UTC] PHP Warning:  Use of undefined constant php - assumed 'php' (this will throw an Error in a future version of PHP) in /app/public/wp-content/themes/international-university-theme/footer.php on line 31
[08-Feb-2019 13:24:28 UTC] PHP Warning:  Use of undefined constant php - assumed 'php' (this will throw an Error in a future version of PHP) in /app/public/wp-content/themes/international-university-theme/footer.php on line 31
[08-Feb-2019 13:30:53 UTC] PHP Warning:  Use of undefined constant php - assumed 'php' (this will throw an Error in a future version of PHP) in /app/public/wp-content/themes/international-university-theme/footer.php on line 31
[08-Feb-2019 13:31:50 UTC] PHP Warning:  Use of undefined constant php - assumed 'php' (this will throw an Error in a future version of PHP) in /app/public/wp-content/themes/international-university-theme/footer.php on line 31
[08-Feb-2019 13:33:56 UTC] PHP Warning:  Use of undefined constant php - assumed 'php' (this will throw an Error in a future version of PHP) in /app/public/wp-content/themes/international-university-theme/footer.php on line 31
[08-Feb-2019 13:34:24 UTC] PHP Warning:  Use of undefined constant php - assumed 'php' (this will throw an Error in a future version of PHP) in /app/public/wp-content/themes/international-university-theme/footer.php on line 31
[08-Feb-2019 13:34:59 UTC] PHP Warning:  Use of undefined constant php - assumed 'php' (this will throw an Error in a future version of PHP) in /app/public/wp-content/themes/international-university-theme/footer.php on line 31
[08-Feb-2019 13:35:38 UTC] PHP Warning:  Use of undefined constant php - assumed 'php' (this will throw an Error in a future version of PHP) in /app/public/wp-content/themes/international-university-theme/footer.php on line 31
[08-Feb-2019 13:35:58 UTC] PHP Warning:  Use of undefined constant php - assumed 'php' (this will throw an Error in a future version of PHP) in /app/public/wp-content/themes/international-university-theme/footer.php on line 31
[08-Feb-2019 13:38:34 UTC] PHP Warning:  Use of undefined constant php - assumed 'php' (this will throw an Error in a future version of PHP) in /app/public/wp-content/themes/international-university-theme/footer.php on line 31
[08-Feb-2019 13:39:08 UTC] PHP Warning:  Use of undefined constant php - assumed 'php' (this will throw an Error in a future version of PHP) in /app/public/wp-content/themes/international-university-theme/footer.php on line 31
[08-Feb-2019 13:39:40 UTC] PHP Warning:  Use of undefined constant php - assumed 'php' (this will throw an Error in a future version of PHP) in /app/public/wp-content/themes/international-university-theme/footer.php on line 31
[08-Feb-2019 13:44:48 UTC] PHP Warning:  Use of undefined constant php - assumed 'php' (this will throw an Error in a future version of PHP) in /app/public/wp-content/themes/international-university-theme/footer.php on line 31
[08-Feb-2019 13:45:41 UTC] PHP Warning:  Use of undefined constant php - assumed 'php' (this will throw an Error in a future version of PHP) in /app/public/wp-content/themes/international-university-theme/footer.php on line 31
[08-Feb-2019 14:00:02 UTC] PHP Warning:  Use of undefined constant php - assumed 'php' (this will throw an Error in a future version of PHP) in /app/public/wp-content/themes/international-university-theme/footer.php on line 31
[08-Feb-2019 14:00:06 UTC] PHP Warning:  Use of undefined constant php - assumed 'php' (this will throw an Error in a future version of PHP) in /app/public/wp-content/themes/international-university-theme/footer.php on line 31
[08-Feb-2019 14:06:08 UTC] PHP Warning:  Use of undefined constant php - assumed 'php' (this will throw an Error in a future version of PHP) in /app/public/wp-content/themes/international-university-theme/footer.php on line 31
[08-Feb-2019 14:08:31 UTC] PHP Warning:  Use of undefined constant php - assumed 'php' (this will throw an Error in a future version of PHP) in /app/public/wp-content/themes/international-university-theme/footer.php on line 31
[08-Feb-2019 14:09:25 UTC] PHP Warning:  Use of undefined constant php - assumed 'php' (this will throw an Error in a future version of PHP) in /app/public/wp-content/themes/international-university-theme/footer.php on line 31
[08-Feb-2019 14:10:21 UTC] PHP Warning:  Use of undefined constant php - assumed 'php' (this will throw an Error in a future version of PHP) in /app/public/wp-content/themes/international-university-theme/footer.php on line 31
[08-Feb-2019 14:10:36 UTC] PHP Warning:  Use of undefined constant php - assumed 'php' (this will throw an Error in a future version of PHP) in /app/public/wp-content/themes/international-university-theme/footer.php on line 31
[08-Feb-2019 14:17:03 UTC] PHP Warning:  Use of undefined constant php - assumed 'php' (this will throw an Error in a future version of PHP) in /app/public/wp-content/themes/international-university-theme/footer.php on line 31
[08-Feb-2019 14:17:06 UTC] PHP Warning:  Use of undefined constant php - assumed 'php' (this will throw an Error in a future version of PHP) in /app/public/wp-content/themes/international-university-theme/footer.php on line 31
[08-Feb-2019 14:17:58 UTC] PHP Warning:  Use of undefined constant php - assumed 'php' (this will throw an Error in a future version of PHP) in /app/public/wp-content/themes/international-university-theme/footer.php on line 31
[08-Feb-2019 14:55:37 UTC] PHP Warning:  Use of undefined constant php - assumed 'php' (this will throw an Error in a future version of PHP) in /app/public/wp-content/themes/international-university-theme/footer.php on line 31
[08-Feb-2019 14:55:57 UTC] PHP Warning:  Use of undefined constant php - assumed 'php' (this will throw an Error in a future version of PHP) in /app/public/wp-content/themes/international-university-theme/footer.php on line 31
[08-Feb-2019 14:56:17 UTC] PHP Warning:  Use of undefined constant php - assumed 'php' (this will throw an Error in a future version of PHP) in /app/public/wp-content/themes/international-university-theme/footer.php on line 31
[08-Feb-2019 15:12:14 UTC] PHP Warning:  Use of undefined constant php - assumed 'php' (this will throw an Error in a future version of PHP) in /app/public/wp-content/themes/international-university-theme/footer.php on line 31
[08-Feb-2019 15:14:11 UTC] PHP Warning:  Use of undefined constant php - assumed 'php' (this will throw an Error in a future version of PHP) in /app/public/wp-content/themes/international-university-theme/footer.php on line 31
[08-Feb-2019 15:16:28 UTC] PHP Fatal error:  Uncaught Error: Call to undefined function getField() in /app/public/wp-content/themes/international-university-theme/single-professor.php:11
Stack trace:
#0 /app/public/wp-includes/template-loader.php(74): include()
#1 /app/public/wp-blog-header.php(19): require_once('/app/public/wp-...')
#2 /app/public/index.php(17): require('/app/public/wp-...')
#3 {main}
  thrown in /app/public/wp-content/themes/international-university-theme/single-professor.php on line 11
[08-Feb-2019 15:17:06 UTC] PHP Fatal error:  Uncaught Error: Call to undefined function getField() in /app/public/wp-content/themes/international-university-theme/single-professor.php:11
Stack trace:
#0 /app/public/wp-includes/template-loader.php(74): include()
#1 /app/public/wp-blog-header.php(19): require_once('/app/public/wp-...')
#2 /app/public/index.php(17): require('/app/public/wp-...')
#3 {main}
  thrown in /app/public/wp-content/themes/international-university-theme/single-professor.php on line 11
[08-Feb-2019 15:17:13 UTC] PHP Fatal error:  Uncaught Error: Call to undefined function getField() in /app/public/wp-content/themes/international-university-theme/single-professor.php:11
Stack trace:
#0 /app/public/wp-includes/template-loader.php(74): include()
#1 /app/public/wp-blog-header.php(19): require_once('/app/public/wp-...')
#2 /app/public/index.php(17): require('/app/public/wp-...')
#3 {main}
  thrown in /app/public/wp-content/themes/international-university-theme/single-professor.php on line 11
[08-Feb-2019 15:17:22 UTC] PHP Warning:  Use of undefined constant php - assumed 'php' (this will throw an Error in a future version of PHP) in /app/public/wp-content/themes/international-university-theme/footer.php on line 31
[08-Feb-2019 15:17:31 UTC] PHP Fatal error:  Uncaught Error: Call to undefined function getField() in /app/public/wp-content/themes/international-university-theme/single-professor.php:11
Stack trace:
#0 /app/public/wp-includes/template-loader.php(74): include()
#1 /app/public/wp-blog-header.php(19): require_once('/app/public/wp-...')
#2 /app/public/index.php(17): require('/app/public/wp-...')
#3 {main}
  thrown in /app/public/wp-content/themes/international-university-theme/single-professor.php on line 11
[08-Feb-2019 15:18:24 UTC] PHP Warning:  Use of undefined constant php - assumed 'php' (this will throw an Error in a future version of PHP) in /app/public/wp-content/themes/international-university-theme/footer.php on line 31
[08-Feb-2019 15:18:25 UTC] PHP Warning:  Use of undefined constant php - assumed 'php' (this will throw an Error in a future version of PHP) in /app/public/wp-content/themes/international-university-theme/footer.php on line 31
[08-Feb-2019 15:18:33 UTC] PHP Warning:  Use of undefined constant php - assumed 'php' (this will throw an Error in a future version of PHP) in /app/public/wp-content/themes/international-university-theme/footer.php on line 31
[08-Feb-2019 15:18:35 UTC] PHP Warning:  Use of undefined constant php - assumed 'php' (this will throw an Error in a future version of PHP) in /app/public/wp-content/themes/international-university-theme/footer.php on line 31
[08-Feb-2019 15:19:07 UTC] PHP Warning:  Use of undefined constant php - assumed 'php' (this will throw an Error in a future version of PHP) in /app/public/wp-content/themes/international-university-theme/footer.php on line 31
[08-Feb-2019 15:21:15 UTC] PHP Warning:  Use of undefined constant php - assumed 'php' (this will throw an Error in a future version of PHP) in /app/public/wp-content/themes/international-university-theme/footer.php on line 31
[08-Feb-2019 15:21:16 UTC] PHP Warning:  Use of undefined constant php - assumed 'php' (this will throw an Error in a future version of PHP) in /app/public/wp-content/themes/international-university-theme/footer.php on line 31
[08-Feb-2019 15:21:34 UTC] PHP Warning:  Use of undefined constant php - assumed 'php' (this will throw an Error in a future version of PHP) in /app/public/wp-content/themes/international-university-theme/footer.php on line 31
[08-Feb-2019 15:23:13 UTC] PHP Warning:  Use of undefined constant php - assumed 'php' (this will throw an Error in a future version of PHP) in /app/public/wp-content/themes/international-university-theme/footer.php on line 31
[08-Feb-2019 15:28:24 UTC] PHP Warning:  Error while sending QUERY packet. PID=17375 in /app/public/wp-includes/wp-db.php on line 1924
[08-Feb-2019 15:28:24 UTC] PHP Warning:  Error while sending QUERY packet. PID=17380 in /app/public/wp-includes/wp-db.php on line 1924
[08-Feb-2019 15:28:26 UTC] PHP Warning:  Error while sending QUERY packet. PID=17421 in /app/public/wp-includes/wp-db.php on line 1924
[09-Feb-2019 12:11:32 UTC] PHP Warning:  Use of undefined constant php - assumed 'php' (this will throw an Error in a future version of PHP) in /app/public/wp-content/themes/international-university-theme/footer.php on line 31
[09-Feb-2019 12:13:14 UTC] PHP Warning:  Use of undefined constant php - assumed 'php' (this will throw an Error in a future version of PHP) in /app/public/wp-content/themes/international-university-theme/footer.php on line 31
[09-Feb-2019 12:13:18 UTC] PHP Warning:  Use of undefined constant php - assumed 'php' (this will throw an Error in a future version of PHP) in /app/public/wp-content/themes/international-university-theme/footer.php on line 31
[09-Feb-2019 12:13:22 UTC] PHP Warning:  Use of undefined constant php - assumed 'php' (this will throw an Error in a future version of PHP) in /app/public/wp-content/themes/international-university-theme/footer.php on line 31
[09-Feb-2019 12:16:07 UTC] PHP Warning:  Use of undefined constant php - assumed 'php' (this will throw an Error in a future version of PHP) in /app/public/wp-content/themes/international-university-theme/footer.php on line 31
[09-Feb-2019 12:20:52 UTC] PHP Warning:  Use of undefined constant php - assumed 'php' (this will throw an Error in a future version of PHP) in /app/public/wp-content/themes/international-university-theme/footer.php on line 31
[09-Feb-2019 12:27:29 UTC] PHP Warning:  Use of undefined constant php - assumed 'php' (this will throw an Error in a future version of PHP) in /app/public/wp-content/themes/international-university-theme/footer.php on line 31
[09-Feb-2019 12:28:20 UTC] PHP Warning:  Use of undefined constant php - assumed 'php' (this will throw an Error in a future version of PHP) in /app/public/wp-content/themes/international-university-theme/footer.php on line 31
[09-Feb-2019 12:28:57 UTC] PHP Warning:  Use of undefined constant php - assumed 'php' (this will throw an Error in a future version of PHP) in /app/public/wp-content/themes/international-university-theme/footer.php on line 31
[09-Feb-2019 12:28:58 UTC] PHP Warning:  Use of undefined constant php - assumed 'php' (this will throw an Error in a future version of PHP) in /app/public/wp-content/themes/international-university-theme/footer.php on line 31
[09-Feb-2019 12:33:03 UTC] PHP Warning:  Use of undefined constant php - assumed 'php' (this will throw an Error in a future version of PHP) in /app/public/wp-content/themes/international-university-theme/footer.php on line 31
[09-Feb-2019 12:46:43 UTC] PHP Fatal error:  Uncaught ArgumentCountError: Too few arguments to function pageBanner(), 0 passed in /app/public/wp-content/themes/international-university-theme/single-professor.php on line 10 and exactly 1 expected in /app/public/wp-content/themes/international-university-theme/functions.php:3
Stack trace:
#0 /app/public/wp-content/themes/international-university-theme/single-professor.php(10): pageBanner()
#1 /app/public/wp-includes/template-loader.php(74): include('/app/public/wp-...')
#2 /app/public/wp-blog-header.php(19): require_once('/app/public/wp-...')
#3 /app/public/index.php(17): require('/app/public/wp-...')
#4 {main}
  thrown in /app/public/wp-content/themes/international-university-theme/functions.php on line 3
[09-Feb-2019 12:47:09 UTC] PHP Fatal error:  Uncaught ArgumentCountError: Too few arguments to function pageBanner(), 0 passed in /app/public/wp-content/themes/international-university-theme/single-professor.php on line 10 and exactly 1 expected in /app/public/wp-content/themes/international-university-theme/functions.php:3
Stack trace:
#0 /app/public/wp-content/themes/international-university-theme/single-professor.php(10): pageBanner()
#1 /app/public/wp-includes/template-loader.php(74): include('/app/public/wp-...')
#2 /app/public/wp-blog-header.php(19): require_once('/app/public/wp-...')
#3 /app/public/index.php(17): require('/app/public/wp-...')
#4 {main}
  thrown in /app/public/wp-content/themes/international-university-theme/functions.php on line 3
[09-Feb-2019 12:47:36 UTC] PHP Fatal error:  Uncaught ArgumentCountError: Too few arguments to function pageBanner(), 0 passed in /app/public/wp-content/themes/international-university-theme/single-professor.php on line 10 and exactly 1 expected in /app/public/wp-content/themes/international-university-theme/functions.php:3
Stack trace:
#0 /app/public/wp-content/themes/international-university-theme/single-professor.php(10): pageBanner()
#1 /app/public/wp-includes/template-loader.php(74): include('/app/public/wp-...')
#2 /app/public/wp-blog-header.php(19): require_once('/app/public/wp-...')
#3 /app/public/index.php(17): require('/app/public/wp-...')
#4 {main}
  thrown in /app/public/wp-content/themes/international-university-theme/functions.php on line 3
[09-Feb-2019 12:47:42 UTC] PHP Fatal error:  Uncaught ArgumentCountError: Too few arguments to function pageBanner(), 0 passed in /app/public/wp-content/themes/international-university-theme/single-professor.php on line 10 and exactly 1 expected in /app/public/wp-content/themes/international-university-theme/functions.php:3
Stack trace:
#0 /app/public/wp-content/themes/international-university-theme/single-professor.php(10): pageBanner()
#1 /app/public/wp-includes/template-loader.php(74): include('/app/public/wp-...')
#2 /app/public/wp-blog-header.php(19): require_once('/app/public/wp-...')
#3 /app/public/index.php(17): require('/app/public/wp-...')
#4 {main}
  thrown in /app/public/wp-content/themes/international-university-theme/functions.php on line 3
[09-Feb-2019 12:49:42 UTC] PHP Fatal error:  Uncaught ArgumentCountError: Too few arguments to function pageBanner(), 0 passed in /app/public/wp-content/themes/international-university-theme/single-professor.php on line 10 and exactly 1 expected in /app/public/wp-content/themes/international-university-theme/functions.php:3
Stack trace:
#0 /app/public/wp-content/themes/international-university-theme/single-professor.php(10): pageBanner()
#1 /app/public/wp-includes/template-loader.php(74): include('/app/public/wp-...')
#2 /app/public/wp-blog-header.php(19): require_once('/app/public/wp-...')
#3 /app/public/index.php(17): require('/app/public/wp-...')
#4 {main}
  thrown in /app/public/wp-content/themes/international-university-theme/functions.php on line 3
[09-Feb-2019 12:49:50 UTC] PHP Warning:  Use of undefined constant php - assumed 'php' (this will throw an Error in a future version of PHP) in /app/public/wp-content/themes/international-university-theme/footer.php on line 31
[09-Feb-2019 12:50:30 UTC] PHP Warning:  Use of undefined constant php - assumed 'php' (this will throw an Error in a future version of PHP) in /app/public/wp-content/themes/international-university-theme/footer.php on line 31
[09-Feb-2019 12:50:48 UTC] PHP Warning:  Use of undefined constant php - assumed 'php' (this will throw an Error in a future version of PHP) in /app/public/wp-content/themes/international-university-theme/footer.php on line 31
[09-Feb-2019 12:51:00 UTC] PHP Warning:  Use of undefined constant php - assumed 'php' (this will throw an Error in a future version of PHP) in /app/public/wp-content/themes/international-university-theme/footer.php on line 31
[09-Feb-2019 12:56:18 UTC] PHP Warning:  Use of undefined constant php - assumed 'php' (this will throw an Error in a future version of PHP) in /app/public/wp-content/themes/international-university-theme/footer.php on line 31
[09-Feb-2019 12:58:25 UTC] PHP Warning:  Use of undefined constant php - assumed 'php' (this will throw an Error in a future version of PHP) in /app/public/wp-content/themes/international-university-theme/footer.php on line 31
[09-Feb-2019 13:01:26 UTC] PHP Warning:  Use of undefined constant php - assumed 'php' (this will throw an Error in a future version of PHP) in /app/public/wp-content/themes/international-university-theme/footer.php on line 31
[09-Feb-2019 13:12:32 UTC] PHP Warning:  Use of undefined constant php - assumed 'php' (this will throw an Error in a future version of PHP) in /app/public/wp-content/themes/international-university-theme/footer.php on line 31
[09-Feb-2019 13:14:34 UTC] PHP Warning:  Use of undefined constant php - assumed 'php' (this will throw an Error in a future version of PHP) in /app/public/wp-content/themes/international-university-theme/footer.php on line 31
[09-Feb-2019 13:15:22 UTC] PHP Warning:  Use of undefined constant php - assumed 'php' (this will throw an Error in a future version of PHP) in /app/public/wp-content/themes/international-university-theme/footer.php on line 31
[09-Feb-2019 13:15:32 UTC] PHP Warning:  Use of undefined constant php - assumed 'php' (this will throw an Error in a future version of PHP) in /app/public/wp-content/themes/international-university-theme/footer.php on line 31
[09-Feb-2019 13:15:39 UTC] PHP Warning:  Use of undefined constant php - assumed 'php' (this will throw an Error in a future version of PHP) in /app/public/wp-content/themes/international-university-theme/footer.php on line 31
[09-Feb-2019 13:15:43 UTC] PHP Warning:  Use of undefined constant php - assumed 'php' (this will throw an Error in a future version of PHP) in /app/public/wp-content/themes/international-university-theme/footer.php on line 31
[09-Feb-2019 13:38:26 UTC] PHP Warning:  Use of undefined constant php - assumed 'php' (this will throw an Error in a future version of PHP) in /app/public/wp-content/themes/international-university-theme/footer.php on line 31
[09-Feb-2019 13:46:23 UTC] PHP Warning:  Use of undefined constant php - assumed 'php' (this will throw an Error in a future version of PHP) in /app/public/wp-content/themes/international-university-theme/footer.php on line 31
[09-Feb-2019 13:53:05 UTC] PHP Warning:  Use of undefined constant php - assumed 'php' (this will throw an Error in a future version of PHP) in /app/public/wp-content/themes/international-university-theme/footer.php on line 31
[09-Feb-2019 13:53:48 UTC] PHP Warning:  Use of undefined constant php - assumed 'php' (this will throw an Error in a future version of PHP) in /app/public/wp-content/themes/international-university-theme/footer.php on line 31
[09-Feb-2019 13:54:53 UTC] PHP Warning:  Use of undefined constant php - assumed 'php' (this will throw an Error in a future version of PHP) in /app/public/wp-content/themes/international-university-theme/footer.php on line 31
[09-Feb-2019 13:55:01 UTC] PHP Warning:  Use of undefined constant php - assumed 'php' (this will throw an Error in a future version of PHP) in /app/public/wp-content/themes/international-university-theme/footer.php on line 31
[09-Feb-2019 13:55:17 UTC] PHP Warning:  Use of undefined constant php - assumed 'php' (this will throw an Error in a future version of PHP) in /app/public/wp-content/themes/international-university-theme/footer.php on line 31
[09-Feb-2019 13:55:23 UTC] PHP Warning:  Use of undefined constant php - assumed 'php' (this will throw an Error in a future version of PHP) in /app/public/wp-content/themes/international-university-theme/footer.php on line 31
[09-Feb-2019 13:56:58 UTC] PHP Warning:  Use of undefined constant php - assumed 'php' (this will throw an Error in a future version of PHP) in /app/public/wp-content/themes/international-university-theme/footer.php on line 31
[09-Feb-2019 13:57:01 UTC] PHP Warning:  Use of undefined constant php - assumed 'php' (this will throw an Error in a future version of PHP) in /app/public/wp-content/themes/international-university-theme/footer.php on line 31
[09-Feb-2019 13:57:39 UTC] PHP Warning:  Use of undefined constant php - assumed 'php' (this will throw an Error in a future version of PHP) in /app/public/wp-content/themes/international-university-theme/footer.php on line 31
[09-Feb-2019 13:58:08 UTC] PHP Warning:  Use of undefined constant php - assumed 'php' (this will throw an Error in a future version of PHP) in /app/public/wp-content/themes/international-university-theme/footer.php on line 31
[09-Feb-2019 13:58:18 UTC] PHP Warning:  Use of undefined constant php - assumed 'php' (this will throw an Error in a future version of PHP) in /app/public/wp-content/themes/international-university-theme/footer.php on line 31
[09-Feb-2019 13:58:22 UTC] PHP Warning:  Use of undefined constant php - assumed 'php' (this will throw an Error in a future version of PHP) in /app/public/wp-content/themes/international-university-theme/footer.php on line 31
[09-Feb-2019 13:58:46 UTC] PHP Warning:  Use of undefined constant php - assumed 'php' (this will throw an Error in a future version of PHP) in /app/public/wp-content/themes/international-university-theme/footer.php on line 31
[09-Feb-2019 14:01:59 UTC] PHP Warning:  Use of undefined constant php - assumed 'php' (this will throw an Error in a future version of PHP) in /app/public/wp-content/themes/international-university-theme/footer.php on line 31
[09-Feb-2019 14:02:06 UTC] PHP Warning:  Use of undefined constant php - assumed 'php' (this will throw an Error in a future version of PHP) in /app/public/wp-content/themes/international-university-theme/footer.php on line 31
[09-Feb-2019 14:02:19 UTC] PHP Parse error:  syntax error, unexpected ''photo'' (T_CONSTANT_ENCAPSED_STRING), expecting ')' in /app/public/wp-content/themes/international-university-theme/archive.php on line 9
[09-Feb-2019 14:02:32 UTC] PHP Warning:  Use of undefined constant php - assumed 'php' (this will throw an Error in a future version of PHP) in /app/public/wp-content/themes/international-university-theme/footer.php on line 31
[09-Feb-2019 14:02:49 UTC] PHP Warning:  Use of undefined constant php - assumed 'php' (this will throw an Error in a future version of PHP) in /app/public/wp-content/themes/international-university-theme/footer.php on line 31
[09-Feb-2019 14:06:04 UTC] PHP Warning:  Use of undefined constant php - assumed 'php' (this will throw an Error in a future version of PHP) in /app/public/wp-content/themes/international-university-theme/footer.php on line 31
[09-Feb-2019 14:06:09 UTC] PHP Warning:  Use of undefined constant php - assumed 'php' (this will throw an Error in a future version of PHP) in /app/public/wp-content/themes/international-university-theme/footer.php on line 31
[09-Feb-2019 14:06:17 UTC] PHP Warning:  Use of undefined constant php - assumed 'php' (this will throw an Error in a future version of PHP) in /app/public/wp-content/themes/international-university-theme/footer.php on line 31
[09-Feb-2019 14:09:38 UTC] PHP Warning:  Use of undefined constant php - assumed 'php' (this will throw an Error in a future version of PHP) in /app/public/wp-content/themes/international-university-theme/footer.php on line 31
[09-Feb-2019 14:09:56 UTC] PHP Warning:  Use of undefined constant php - assumed 'php' (this will throw an Error in a future version of PHP) in /app/public/wp-content/themes/international-university-theme/footer.php on line 31
[09-Feb-2019 14:12:35 UTC] PHP Warning:  Use of undefined constant php - assumed 'php' (this will throw an Error in a future version of PHP) in /app/public/wp-content/themes/international-university-theme/footer.php on line 31
[09-Feb-2019 14:12:40 UTC] PHP Warning:  Use of undefined constant php - assumed 'php' (this will throw an Error in a future version of PHP) in /app/public/wp-content/themes/international-university-theme/footer.php on line 31
[09-Feb-2019 14:14:07 UTC] PHP Warning:  Use of undefined constant php - assumed 'php' (this will throw an Error in a future version of PHP) in /app/public/wp-content/themes/international-university-theme/footer.php on line 31
[09-Feb-2019 14:14:17 UTC] PHP Warning:  Use of undefined constant php - assumed 'php' (this will throw an Error in a future version of PHP) in /app/public/wp-content/themes/international-university-theme/footer.php on line 31
[09-Feb-2019 14:17:29 UTC] PHP Warning:  Use of undefined constant php - assumed 'php' (this will throw an Error in a future version of PHP) in /app/public/wp-content/themes/international-university-theme/footer.php on line 31
[09-Feb-2019 14:17:41 UTC] PHP Warning:  Use of undefined constant php - assumed 'php' (this will throw an Error in a future version of PHP) in /app/public/wp-content/themes/international-university-theme/footer.php on line 31
[09-Feb-2019 14:17:47 UTC] PHP Warning:  Use of undefined constant php - assumed 'php' (this will throw an Error in a future version of PHP) in /app/public/wp-content/themes/international-university-theme/footer.php on line 31
[09-Feb-2019 14:17:51 UTC] PHP Warning:  Use of undefined constant php - assumed 'php' (this will throw an Error in a future version of PHP) in /app/public/wp-content/themes/international-university-theme/footer.php on line 31
[09-Feb-2019 14:20:21 UTC] PHP Warning:  Use of undefined constant php - assumed 'php' (this will throw an Error in a future version of PHP) in /app/public/wp-content/themes/international-university-theme/footer.php on line 31
[09-Feb-2019 14:20:31 UTC] PHP Warning:  Use of undefined constant php - assumed 'php' (this will throw an Error in a future version of PHP) in /app/public/wp-content/themes/international-university-theme/footer.php on line 31
[09-Feb-2019 14:20:35 UTC] PHP Warning:  Use of undefined constant php - assumed 'php' (this will throw an Error in a future version of PHP) in /app/public/wp-content/themes/international-university-theme/footer.php on line 31
[09-Feb-2019 14:25:08 UTC] PHP Warning:  Use of undefined constant php - assumed 'php' (this will throw an Error in a future version of PHP) in /app/public/wp-content/themes/international-university-theme/footer.php on line 31
[09-Feb-2019 14:25:23 UTC] PHP Warning:  Use of undefined constant php - assumed 'php' (this will throw an Error in a future version of PHP) in /app/public/wp-content/themes/international-university-theme/footer.php on line 31
[09-Feb-2019 14:25:27 UTC] PHP Warning:  Use of undefined constant php - assumed 'php' (this will throw an Error in a future version of PHP) in /app/public/wp-content/themes/international-university-theme/footer.php on line 31
[09-Feb-2019 14:26:09 UTC] PHP Warning:  Use of undefined constant php - assumed 'php' (this will throw an Error in a future version of PHP) in /app/public/wp-content/themes/international-university-theme/footer.php on line 31
[09-Feb-2019 14:28:16 UTC] PHP Warning:  Use of undefined constant php - assumed 'php' (this will throw an Error in a future version of PHP) in /app/public/wp-content/themes/international-university-theme/footer.php on line 31
[09-Feb-2019 14:28:51 UTC] PHP Warning:  Use of undefined constant php - assumed 'php' (this will throw an Error in a future version of PHP) in /app/public/wp-content/themes/international-university-theme/footer.php on line 31
[09-Feb-2019 14:29:49 UTC] PHP Warning:  Use of undefined constant php - assumed 'php' (this will throw an Error in a future version of PHP) in /app/public/wp-content/themes/international-university-theme/footer.php on line 31
[09-Feb-2019 14:35:51 UTC] PHP Warning:  Use of undefined constant php - assumed 'php' (this will throw an Error in a future version of PHP) in /app/public/wp-content/themes/international-university-theme/footer.php on line 31
[09-Feb-2019 14:36:02 UTC] PHP Warning:  Use of undefined constant php - assumed 'php' (this will throw an Error in a future version of PHP) in /app/public/wp-content/themes/international-university-theme/footer.php on line 31
[09-Feb-2019 14:36:06 UTC] PHP Warning:  Use of undefined constant php - assumed 'php' (this will throw an Error in a future version of PHP) in /app/public/wp-content/themes/international-university-theme/footer.php on line 31
[09-Feb-2019 14:36:12 UTC] PHP Warning:  Use of undefined constant php - assumed 'php' (this will throw an Error in a future version of PHP) in /app/public/wp-content/themes/international-university-theme/footer.php on line 31
[09-Feb-2019 14:37:15 UTC] PHP Warning:  Use of undefined constant php - assumed 'php' (this will throw an Error in a future version of PHP) in /app/public/wp-content/themes/international-university-theme/footer.php on line 31
[09-Feb-2019 14:42:34 UTC] PHP Warning:  Use of undefined constant php - assumed 'php' (this will throw an Error in a future version of PHP) in /app/public/wp-content/themes/international-university-theme/footer.php on line 31
[09-Feb-2019 14:42:39 UTC] PHP Warning:  Use of undefined constant php - assumed 'php' (this will throw an Error in a future version of PHP) in /app/public/wp-content/themes/international-university-theme/footer.php on line 31
[09-Feb-2019 14:42:54 UTC] PHP Warning:  Use of undefined constant php - assumed 'php' (this will throw an Error in a future version of PHP) in /app/public/wp-content/themes/international-university-theme/footer.php on line 31
[09-Feb-2019 14:43:21 UTC] PHP Warning:  Use of undefined constant php - assumed 'php' (this will throw an Error in a future version of PHP) in /app/public/wp-content/themes/international-university-theme/footer.php on line 31
[09-Feb-2019 14:43:42 UTC] PHP Warning:  Use of undefined constant php - assumed 'php' (this will throw an Error in a future version of PHP) in /app/public/wp-content/themes/international-university-theme/footer.php on line 31
[09-Feb-2019 14:51:50 UTC] PHP Warning:  Use of undefined constant php - assumed 'php' (this will throw an Error in a future version of PHP) in /app/public/wp-content/themes/international-university-theme/footer.php on line 31
[09-Feb-2019 14:53:24 UTC] PHP Warning:  Use of undefined constant php - assumed 'php' (this will throw an Error in a future version of PHP) in /app/public/wp-content/themes/international-university-theme/footer.php on line 31
[09-Feb-2019 14:54:55 UTC] PHP Warning:  Use of undefined constant php - assumed 'php' (this will throw an Error in a future version of PHP) in /app/public/wp-content/themes/international-university-theme/footer.php on line 31
[09-Feb-2019 14:55:54 UTC] PHP Warning:  Use of undefined constant php - assumed 'php' (this will throw an Error in a future version of PHP) in /app/public/wp-content/themes/international-university-theme/footer.php on line 31
[09-Feb-2019 14:56:41 UTC] PHP Warning:  Use of undefined constant php - assumed 'php' (this will throw an Error in a future version of PHP) in /app/public/wp-content/themes/international-university-theme/footer.php on line 31
[09-Feb-2019 15:01:18 UTC] PHP Warning:  Use of undefined constant php - assumed 'php' (this will throw an Error in a future version of PHP) in /app/public/wp-content/themes/international-university-theme/footer.php on line 31
[09-Feb-2019 15:01:26 UTC] PHP Warning:  Use of undefined constant php - assumed 'php' (this will throw an Error in a future version of PHP) in /app/public/wp-content/themes/international-university-theme/footer.php on line 31
[09-Feb-2019 15:01:46 UTC] PHP Warning:  Use of undefined constant php - assumed 'php' (this will throw an Error in a future version of PHP) in /app/public/wp-content/themes/international-university-theme/footer.php on line 31
[09-Feb-2019 15:02:04 UTC] PHP Warning:  Use of undefined constant php - assumed 'php' (this will throw an Error in a future version of PHP) in /app/public/wp-content/themes/international-university-theme/footer.php on line 31
[09-Feb-2019 15:03:18 UTC] PHP Warning:  Use of undefined constant php - assumed 'php' (this will throw an Error in a future version of PHP) in /app/public/wp-content/themes/international-university-theme/footer.php on line 31
[09-Feb-2019 15:03:31 UTC] PHP Warning:  Use of undefined constant php - assumed 'php' (this will throw an Error in a future version of PHP) in /app/public/wp-content/themes/international-university-theme/footer.php on line 31
[09-Feb-2019 15:03:34 UTC] PHP Warning:  Use of undefined constant php - assumed 'php' (this will throw an Error in a future version of PHP) in /app/public/wp-content/themes/international-university-theme/footer.php on line 31
[09-Feb-2019 15:04:45 UTC] PHP Warning:  Use of undefined constant php - assumed 'php' (this will throw an Error in a future version of PHP) in /app/public/wp-content/themes/international-university-theme/footer.php on line 31
[09-Feb-2019 15:09:38 UTC] PHP Warning:  Use of undefined constant php - assumed 'php' (this will throw an Error in a future version of PHP) in /app/public/wp-content/themes/international-university-theme/footer.php on line 31
[09-Feb-2019 15:09:42 UTC] PHP Warning:  Use of undefined constant php - assumed 'php' (this will throw an Error in a future version of PHP) in /app/public/wp-content/themes/international-university-theme/footer.php on line 31
[09-Feb-2019 15:58:28 UTC] PHP Warning:  Use of undefined constant php - assumed 'php' (this will throw an Error in a future version of PHP) in /app/public/wp-content/themes/international-university-theme/footer.php on line 31
[09-Feb-2019 15:58:32 UTC] PHP Warning:  Use of undefined constant php - assumed 'php' (this will throw an Error in a future version of PHP) in /app/public/wp-content/themes/international-university-theme/footer.php on line 31
[09-Feb-2019 15:59:32 UTC] PHP Warning:  Use of undefined constant php - assumed 'php' (this will throw an Error in a future version of PHP) in /app/public/wp-content/themes/international-university-theme/footer.php on line 31
[09-Feb-2019 15:59:40 UTC] PHP Warning:  Use of undefined constant php - assumed 'php' (this will throw an Error in a future version of PHP) in /app/public/wp-content/themes/international-university-theme/footer.php on line 31
[09-Feb-2019 16:00:21 UTC] PHP Warning:  Use of undefined constant php - assumed 'php' (this will throw an Error in a future version of PHP) in /app/public/wp-content/themes/international-university-theme/footer.php on line 31
[09-Feb-2019 16:01:17 UTC] PHP Warning:  Use of undefined constant php - assumed 'php' (this will throw an Error in a future version of PHP) in /app/public/wp-content/themes/international-university-theme/footer.php on line 31
[09-Feb-2019 16:01:42 UTC] PHP Warning:  Use of undefined constant php - assumed 'php' (this will throw an Error in a future version of PHP) in /app/public/wp-content/themes/international-university-theme/footer.php on line 31
[09-Feb-2019 16:01:47 UTC] PHP Warning:  Use of undefined constant php - assumed 'php' (this will throw an Error in a future version of PHP) in /app/public/wp-content/themes/international-university-theme/footer.php on line 31
[09-Feb-2019 16:02:57 UTC] PHP Warning:  Use of undefined constant php - assumed 'php' (this will throw an Error in a future version of PHP) in /app/public/wp-content/themes/international-university-theme/footer.php on line 31
[09-Feb-2019 16:03:01 UTC] PHP Warning:  Use of undefined constant php - assumed 'php' (this will throw an Error in a future version of PHP) in /app/public/wp-content/themes/international-university-theme/footer.php on line 31
[09-Feb-2019 16:03:08 UTC] PHP Warning:  Use of undefined constant php - assumed 'php' (this will throw an Error in a future version of PHP) in /app/public/wp-content/themes/international-university-theme/footer.php on line 31
[09-Feb-2019 16:03:18 UTC] PHP Warning:  Use of undefined constant php - assumed 'php' (this will throw an Error in a future version of PHP) in /app/public/wp-content/themes/international-university-theme/footer.php on line 31
[09-Feb-2019 16:04:36 UTC] PHP Warning:  Use of undefined constant php - assumed 'php' (this will throw an Error in a future version of PHP) in /app/public/wp-content/themes/international-university-theme/footer.php on line 31
[09-Feb-2019 16:05:15 UTC] PHP Warning:  Use of undefined constant php - assumed 'php' (this will throw an Error in a future version of PHP) in /app/public/wp-content/themes/international-university-theme/footer.php on line 31
[09-Feb-2019 16:06:09 UTC] PHP Warning:  Use of undefined constant php - assumed 'php' (this will throw an Error in a future version of PHP) in /app/public/wp-content/themes/international-university-theme/footer.php on line 31
[09-Feb-2019 16:06:19 UTC] PHP Warning:  Use of undefined constant php - assumed 'php' (this will throw an Error in a future version of PHP) in /app/public/wp-content/themes/international-university-theme/footer.php on line 31
[09-Feb-2019 16:06:23 UTC] PHP Warning:  Use of undefined constant php - assumed 'php' (this will throw an Error in a future version of PHP) in /app/public/wp-content/themes/international-university-theme/footer.php on line 31
[09-Feb-2019 16:06:29 UTC] PHP Warning:  Use of undefined constant php - assumed 'php' (this will throw an Error in a future version of PHP) in /app/public/wp-content/themes/international-university-theme/footer.php on line 31
[09-Feb-2019 16:06:32 UTC] PHP Warning:  Use of undefined constant php - assumed 'php' (this will throw an Error in a future version of PHP) in /app/public/wp-content/themes/international-university-theme/footer.php on line 31
[09-Feb-2019 16:06:37 UTC] PHP Warning:  Use of undefined constant php - assumed 'php' (this will throw an Error in a future version of PHP) in /app/public/wp-content/themes/international-university-theme/footer.php on line 31
