[31-Jan-2019 15:40:55] NOTICE: fpm is running, pid 17
[31-Jan-2019 15:40:55] NOTICE: ready to handle connections
[31-Jan-2019 15:52:52] NOTICE: Terminating ...
[31-Jan-2019 15:52:52] NOTICE: exiting, bye-bye!
[31-Jan-2019 15:59:36] NOTICE: fpm is running, pid 41
[31-Jan-2019 15:59:36] NOTICE: ready to handle connections
[31-Jan-2019 16:05:11] NOTICE: Terminating ...
[31-Jan-2019 16:05:11] NOTICE: exiting, bye-bye!
[31-Jan-2019 16:13:02] NOTICE: fpm is running, pid 54
[31-Jan-2019 16:13:02] NOTICE: ready to handle connections
[31-Jan-2019 16:21:52] NOTICE: Terminating ...
[31-Jan-2019 16:21:52] NOTICE: exiting, bye-bye!
[31-Jan-2019 19:48:49] NOTICE: fpm is running, pid 56
[31-Jan-2019 19:48:49] NOTICE: ready to handle connections
[31-Jan-2019 19:51:10] NOTICE: Terminating ...
[31-Jan-2019 19:51:10] NOTICE: exiting, bye-bye!
[01-Feb-2019 08:49:44] NOTICE: fpm is running, pid 57
[01-Feb-2019 08:49:44] NOTICE: ready to handle connections
[01-Feb-2019 14:55:38] NOTICE: Terminating ...
[01-Feb-2019 14:55:38] NOTICE: exiting, bye-bye!
[02-Feb-2019 12:07:22] NOTICE: fpm is running, pid 58
[02-Feb-2019 12:07:22] NOTICE: ready to handle connections
[02-Feb-2019 14:46:29] NOTICE: Terminating ...
[02-Feb-2019 14:46:29] NOTICE: exiting, bye-bye!
[03-Feb-2019 19:19:48] NOTICE: fpm is running, pid 54
[03-Feb-2019 19:19:49] NOTICE: ready to handle connections
[03-Feb-2019 20:52:58] NOTICE: Terminating ...
[03-Feb-2019 20:52:59] NOTICE: exiting, bye-bye!
[04-Feb-2019 08:17:38] NOTICE: fpm is running, pid 55
[04-Feb-2019 08:17:39] NOTICE: ready to handle connections
[04-Feb-2019 18:43:45] NOTICE: Terminating ...
[04-Feb-2019 18:43:45] NOTICE: exiting, bye-bye!
[05-Feb-2019 14:14:31] NOTICE: fpm is running, pid 54
[05-Feb-2019 14:14:31] NOTICE: ready to handle connections
[05-Feb-2019 21:38:01] NOTICE: Terminating ...
[05-Feb-2019 21:38:01] NOTICE: exiting, bye-bye!
[06-Feb-2019 08:52:43] NOTICE: fpm is running, pid 39
[06-Feb-2019 08:52:43] NOTICE: ready to handle connections
